<?xml version="1.0" encoding="UTF-8"?>
<!-- Generated by org.testng.reporters.JUnitXMLReporter -->
<testsuite ignored="0" hostname="User" failures="0" tests="5" name="Search Functionality Test" time="93.942" errors="0" timestamp="2022-10-02T11:44:40 EDT">
  <testcase classname="testPkg.SearchFunctionalityTest" name="negativeSearchFunctionalityTest" time="4.318"/>
  <testcase classname="testPkg.SearchFunctionalityTest" name="negativeSearchFunctionalityTest" time="7.536"/>
  <testcase classname="testPkg.SearchFunctionalityTest" name="positiveSearchFunctionalityTest" time="4.9"/>
  <testcase classname="testPkg.SearchFunctionalityTest" name="positiveSearchFunctionalityTest" time="8.743"/>
  <testcase classname="testPkg.SearchFunctionalityTest" name="positiveSearchFunctionalityTest" time="6.65"/>
</testsuite> <!-- Search Functionality Test -->
